{"numTotalTestSuites":27,"numPassedTestSuites":27,"numFailedTestSuites":0,"numPendingTestSuites":0,"numTotalTests":40,"numPassedTests":40,"numFailedTests":0,"numPendingTests":0,"numTodoTests":0,"snapshot":{"added":0,"failure":false,"filesAdded":0,"filesRemoved":0,"filesRemovedList":[],"filesUnmatched":0,"filesUpdated":0,"matched":0,"total":0,"unchecked":0,"uncheckedKeysByFile":[],"unmatched":0,"updated":0,"didUpdate":false},"startTime":1774360169213,"success":true,"testResults":[{"assertionResults":[{"ancestorTitles":["sum test"],"fullName":"sum test adds 1 + 2 to equal 3","status":"passed","title":"adds 1 + 2 to equal 3","duration":1.5587000000000444,"failureMessages":[],"meta":{},"tags":[]}],"startTime":1774360170277,"endTime":1774360170278.5586,"status":"passed","message":"","name":"A:/Projects/effinity-cloud/src/demo.spec.ts"},{"assertionResults":[{"ancestorTitles":["Sign Request Schema","filename validation"],"fullName":"Sign Request Schema filename validation should accept valid filename","status":"passed","title":"should accept valid filename","duration":2.829099999999926,"failureMessages":[],"meta":{},"tags":[]},{"ancestorTitles":["Sign Request Schema","filename validation"],"fullName":"Sign Request Schema filename validation should accept filename with polish characters","status":"passed","title":"should accept filename with polish characters","duration":0.26890000000003056,"failureMessages":[],"meta":{},"tags":[]},{"ancestorTitles":["Sign Request Schema","filename validation"],"fullName":"Sign Request Schema filename validation should reject empty filename","status":"passed","title":"should reject empty filename","duration":0.6094000000000506,"failureMessages":[],"meta":{},"tags":[]},{"ancestorTitles":["Sign Request Schema","filename validation"],"fullName":"Sign Request Schema filename validation should reject filename with forbidden characters","status":"passed","title":"should reject filename with forbidden characters","duration":0.6709000000000742,"failureMessages":[],"meta":{},"tags":[]},{"ancestorTitles":["Sign Request Schema","filename validation"],"fullName":"Sign Request Schema filename validation should reject filename longer than 255 characters","status":"passed","title":"should reject filename longer than 255 characters","duration":0.24139999999988504,"failureMessages":[],"meta":{},"tags":[]},{"ancestorTitles":["Sign Request Schema","MIME type validation"],"fullName":"Sign Request Schema MIME type validation should accept valid MIME types","status":"passed","title":"should accept valid MIME types","duration":0.22810000000004038,"failureMessages":[],"meta":{},"tags":[]},{"ancestorTitles":["Sign Request Schema","MIME type validation"],"fullName":"Sign Request Schema MIME type validation should reject invalid MIME types","status":"passed","title":"should reject invalid MIME types","duration":0.3691000000001168,"failureMessages":[],"meta":{},"tags":[]},{"ancestorTitles":["File extension extraction"],"fullName":"File extension extraction should extract extension from normal filename","status":"passed","title":"should extract extension from normal filename","duration":0.17859999999996035,"failureMessages":[],"meta":{},"tags":[]},{"ancestorTitles":["File extension extraction"],"fullName":"File extension extraction should handle multiple dots","status":"passed","title":"should handle multiple dots","duration":0.17640000000005784,"failureMessages":[],"meta":{},"tags":[]},{"ancestorTitles":["File extension extraction"],"fullName":"File extension extraction should return empty string for filename without extension","status":"passed","title":"should return empty string for filename without extension","duration":0.15320000000019718,"failureMessages":[],"meta":{},"tags":[]},{"ancestorTitles":["File extension extraction"],"fullName":"File extension extraction should handle dot at the beginning","status":"passed","title":"should handle dot at the beginning","duration":0.11339999999995598,"failureMessages":[],"meta":{},"tags":[]}],"startTime":1774360170350,"endTime":1774360170356.1787,"status":"passed","message":"","name":"A:/Projects/effinity-cloud/src/lib/schemas/sign-request.spec.ts"},{"assertionResults":[{"ancestorTitles":["User Roles","getUserRole"],"fullName":"User Roles getUserRole should return admin for user with admin label","status":"passed","title":"should return admin for user with admin label","duration":1.2372000000000298,"failureMessages":[],"meta":{},"tags":[]},{"ancestorTitles":["User Roles","getUserRole"],"fullName":"User Roles getUserRole should return plus for user with plus label","status":"passed","title":"should return plus for user with plus label","duration":0.13660000000004402,"failureMessages":[],"meta":{},"tags":[]},{"ancestorTitles":["User Roles","getUserRole"],"fullName":"User Roles getUserRole should return basic for user without special labels","status":"passed","title":"should return basic for user without special labels","duration":0.11040000000002692,"failureMessages":[],"meta":{},"tags":[]},{"ancestorTitles":["User Roles","getUserRole"],"fullName":"User Roles getUserRole should prioritize admin over plus","status":"passed","title":"should prioritize admin over plus","duration":0.13249999999993634,"failureMessages":[],"meta":{},"tags":[]},{"ancestorTitles":["User Roles","getUserStorageLimit"],"fullName":"User Roles getUserStorageLimit should return custom limit from prefs if set","status":"passed","title":"should return custom limit from prefs if set","duration":0.15859999999997854,"failureMessages":[],"meta":{},"tags":[]},{"ancestorTitles":["User Roles","getUserStorageLimit"],"fullName":"User Roles getUserStorageLimit should return basic limit for basic user","status":"passed","title":"should return basic limit for basic user","duration":0.12829999999985375,"failureMessages":[],"meta":{},"tags":[]},{"ancestorTitles":["User Roles","getUserStorageLimit"],"fullName":"User Roles getUserStorageLimit should return plus limit for plus user","status":"passed","title":"should return plus limit for plus user","duration":0.10779999999999745,"failureMessages":[],"meta":{},"tags":[]},{"ancestorTitles":["User Roles","getUserStorageLimit"],"fullName":"User Roles getUserStorageLimit should return Infinity for admin user","status":"passed","title":"should return Infinity for admin user","duration":0.1093999999998232,"failureMessages":[],"meta":{},"tags":[]},{"ancestorTitles":["User Roles","STORAGE_LIMITS constants"],"fullName":"User Roles STORAGE_LIMITS constants should have correct storage limits","status":"passed","title":"should have correct storage limits","duration":0.17820000000006075,"failureMessages":[],"meta":{},"tags":[]}],"startTime":1774360170508,"endTime":1774360170510.1782,"status":"passed","message":"","name":"A:/Projects/effinity-cloud/src/lib/server/roles.spec.ts"},{"assertionResults":[{"ancestorTitles":["Cache Module","setCache and getCached"],"fullName":"Cache Module setCache and getCached should store and retrieve a value","status":"passed","title":"should store and retrieve a value","duration":2.684300000000121,"failureMessages":[],"meta":{},"tags":[]},{"ancestorTitles":["Cache Module","setCache and getCached"],"fullName":"Cache Module setCache and getCached should return undefined for non-existent key","status":"passed","title":"should return undefined for non-existent key","duration":0.37449999999989814,"failureMessages":[],"meta":{},"tags":[]},{"ancestorTitles":["Cache Module","setCache and getCached"],"fullName":"Cache Module setCache and getCached should handle different data types","status":"passed","title":"should handle different data types","duration":0.8404000000000451,"failureMessages":[],"meta":{},"tags":[]},{"ancestorTitles":["Cache Module","deleteCache"],"fullName":"Cache Module deleteCache should remove a cached value","status":"passed","title":"should remove a cached value","duration":0.4180999999998676,"failureMessages":[],"meta":{},"tags":[]},{"ancestorTitles":["Cache Module","deleteCache"],"fullName":"Cache Module deleteCache should not throw for non-existent key","status":"passed","title":"should not throw for non-existent key","duration":0.7872999999999593,"failureMessages":[],"meta":{},"tags":[]},{"ancestorTitles":["Cache Module","invalidateByPrefix"],"fullName":"Cache Module invalidateByPrefix should remove all keys with matching prefix","status":"passed","title":"should remove all keys with matching prefix","duration":0.48080000000004475,"failureMessages":[],"meta":{},"tags":[]},{"ancestorTitles":["Cache Module","invalidateByPrefix"],"fullName":"Cache Module invalidateByPrefix should handle empty prefix (clear all)","status":"passed","title":"should handle empty prefix (clear all)","duration":0.2842000000000553,"failureMessages":[],"meta":{},"tags":[]},{"ancestorTitles":["Cache Module","clearCache"],"fullName":"Cache Module clearCache should remove all cached values","status":"passed","title":"should remove all cached values","duration":0.3269000000000233,"failureMessages":[],"meta":{},"tags":[]}],"startTime":1774360170392,"endTime":1774360170398.327,"status":"passed","message":"","name":"A:/Projects/effinity-cloud/src/lib/server/cache/cache.spec.ts"},{"assertionResults":[{"ancestorTitles":["CacheKeys","file keys"],"fullName":"CacheKeys file keys should generate correct fileMetadata key","status":"passed","title":"should generate correct fileMetadata key","duration":1.5036999999999807,"failureMessages":[],"meta":{},"tags":[]},{"ancestorTitles":["CacheKeys","file keys"],"fullName":"CacheKeys file keys should generate correct filesList key with folder","status":"passed","title":"should generate correct filesList key with folder","duration":0.22689999999988686,"failureMessages":[],"meta":{},"tags":[]},{"ancestorTitles":["CacheKeys","file keys"],"fullName":"CacheKeys file keys should generate correct filesList key without folder","status":"passed","title":"should generate correct filesList key without folder","duration":0.1696999999999207,"failureMessages":[],"meta":{},"tags":[]},{"ancestorTitles":["CacheKeys","file keys"],"fullName":"CacheKeys file keys should generate correct userFilesPrefix","status":"passed","title":"should generate correct userFilesPrefix","duration":0.1934000000001106,"failureMessages":[],"meta":{},"tags":[]},{"ancestorTitles":["CacheKeys","folder keys"],"fullName":"CacheKeys folder keys should generate correct folderMetadata key","status":"passed","title":"should generate correct folderMetadata key","duration":0.15210000000001855,"failureMessages":[],"meta":{},"tags":[]},{"ancestorTitles":["CacheKeys","folder keys"],"fullName":"CacheKeys folder keys should generate correct foldersList key","status":"passed","title":"should generate correct foldersList key","duration":0.20040000000017244,"failureMessages":[],"meta":{},"tags":[]},{"ancestorTitles":["CacheKeys","folder keys"],"fullName":"CacheKeys folder keys should generate correct folderSize key","status":"passed","title":"should generate correct folderSize key","duration":0.17449999999985266,"failureMessages":[],"meta":{},"tags":[]},{"ancestorTitles":["CacheKeys","user keys"],"fullName":"CacheKeys user keys should generate correct storageUsage key","status":"passed","title":"should generate correct storageUsage key","duration":0.23339999999984684,"failureMessages":[],"meta":{},"tags":[]},{"ancestorTitles":["CacheKeys","download keys"],"fullName":"CacheKeys download keys should generate correct downloadUrl key","status":"passed","title":"should generate correct downloadUrl key","duration":0.4029000000000451,"failureMessages":[],"meta":{},"tags":[]},{"ancestorTitles":["CacheKeys","admin keys"],"fullName":"CacheKeys admin keys should generate correct admin keys","status":"passed","title":"should generate correct admin keys","duration":0.34819999999990614,"failureMessages":[],"meta":{},"tags":[]},{"ancestorTitles":["TTL constants"],"fullName":"TTL constants should have correct TTL values","status":"passed","title":"should have correct TTL values","duration":0.18610000000012406,"failureMessages":[],"meta":{},"tags":[]}],"startTime":1774360170361,"endTime":1774360170365.3481,"status":"passed","message":"","name":"A:/Projects/effinity-cloud/src/lib/server/cache/keys.spec.ts"},{"assertionResults":[],"startTime":1774360169213,"endTime":1774360169213,"status":"passed","message":"","name":"A:/Projects/effinity-cloud/src/routes/page.svelte.spec.ts"}]}
